<?xml version="1.0" encoding="UTF-8"?>
<coverage generated="1766004441530" clover="3.2.0">
  <project timestamp="1766004441530" name="All files">
    <metrics statements="34" coveredstatements="18" conditionals="19" coveredconditionals="7" methods="6" coveredmethods="5" elements="59" coveredelements="30" complexity="0" loc="34" ncloc="34" packages="1" files="2" classes="2"/>
    <file name="Contacto.css" path="C:\Users\cronc\IdeaProjects\reactcarlos\src\componentes\layout\Contacto.css">
      <metrics statements="0" coveredstatements="0" conditionals="0" coveredconditionals="0" methods="0" coveredmethods="0"/>
    </file>
    <file name="Contacto.jsx" path="C:\Users\cronc\IdeaProjects\reactcarlos\src\componentes\layout\Contacto.jsx">
      <metrics statements="34" coveredstatements="18" conditionals="19" coveredconditionals="7" methods="6" coveredmethods="5"/>
      <line num="5" count="1" type="stmt"/>
      <line num="6" count="55" type="stmt"/>
      <line num="7" count="55" type="stmt"/>
      <line num="8" count="55" type="stmt"/>
      <line num="9" count="55" type="stmt"/>
      <line num="11" count="55" type="stmt"/>
      <line num="18" count="55" type="stmt"/>
      <line num="19" count="54" type="cond" truecount="2" falsecount="0"/>
      <line num="20" count="10" type="stmt"/>
      <line num="22" count="54" type="cond" truecount="2" falsecount="0"/>
      <line num="23" count="16" type="stmt"/>
      <line num="25" count="54" type="cond" truecount="2" falsecount="0"/>
      <line num="26" count="28" type="stmt"/>
      <line num="30" count="55" type="stmt"/>
      <line num="31" count="0" type="stmt"/>
      <line num="33" count="0" type="stmt"/>
      <line num="34" count="0" type="stmt"/>
      <line num="35" count="0" type="stmt"/>
      <line num="37" count="0" type="cond" truecount="0" falsecount="2"/>
      <line num="38" count="0" type="stmt"/>
      <line num="39" count="0" type="stmt"/>
      <line num="42" count="0" type="cond" truecount="0" falsecount="2"/>
      <line num="43" count="0" type="stmt"/>
      <line num="44" count="0" type="stmt"/>
      <line num="47" count="0" type="cond" truecount="0" falsecount="2"/>
      <line num="48" count="0" type="stmt"/>
      <line num="49" count="0" type="stmt"/>
      <line num="52" count="0" type="cond" truecount="0" falsecount="5"/>
      <line num="53" count="0" type="stmt"/>
      <line num="55" count="0" type="stmt"/>
      <line num="59" count="55" type="stmt"/>
      <line num="80" count="10" type="stmt"/>
      <line num="91" count="16" type="stmt"/>
      <line num="102" count="28" type="stmt"/>
    </file>
  </project>
</coverage>
