<?xml version="1.0" encoding="UTF-8"?>
<coverage generated="1766077885885" clover="3.2.0">
  <project timestamp="1766077885885" name="All files">
    <metrics statements="98" coveredstatements="97" conditionals="41" coveredconditionals="39" methods="29" coveredmethods="28" elements="168" coveredelements="164" complexity="0" loc="98" ncloc="98" packages="5" files="22" classes="22"/>
    <package name="src">
      <metrics statements="1" coveredstatements="1" conditionals="0" coveredconditionals="0" methods="1" coveredmethods="1"/>
      <file name="App.jsx" path="C:\Users\cronc\IdeaProjects\reactcarlos\src\App.jsx">
        <metrics statements="1" coveredstatements="1" conditionals="0" coveredconditionals="0" methods="1" coveredmethods="1"/>
        <line num="34" count="5" type="stmt"/>
      </file>
      <file name="normalize.css" path="C:\Users\cronc\IdeaProjects\reactcarlos\src\normalize.css">
        <metrics statements="0" coveredstatements="0" conditionals="0" coveredconditionals="0" methods="0" coveredmethods="0"/>
      </file>
    </package>
    <package name="src.componentes">
      <metrics statements="13" coveredstatements="13" conditionals="8" coveredconditionals="8" methods="4" coveredmethods="4"/>
      <file name="DarkModeSwitch.css" path="C:\Users\cronc\IdeaProjects\reactcarlos\src\componentes\DarkModeSwitch.css">
        <metrics statements="0" coveredstatements="0" conditionals="0" coveredconditionals="0" methods="0" coveredmethods="0"/>
      </file>
      <file name="DarkModeSwitch.jsx" path="C:\Users\cronc\IdeaProjects\reactcarlos\src\componentes\DarkModeSwitch.jsx">
        <metrics statements="11" coveredstatements="11" conditionals="8" coveredconditionals="8" methods="3" coveredmethods="3"/>
        <line num="5" count="4" type="stmt"/>
        <line num="6" count="19" type="cond" truecount="2" falsecount="0"/>
        <line num="7" count="19" type="stmt"/>
        <line num="9" count="19" type="stmt"/>
        <line num="10" count="5" type="stmt"/>
        <line num="12" count="5" type="stmt"/>
        <line num="15" count="19" type="stmt"/>
        <line num="16" count="19" type="cond" truecount="2" falsecount="0"/>
        <line num="17" count="5" type="stmt"/>
        <line num="19" count="14" type="stmt"/>
        <line num="23" count="19" type="stmt"/>
      </file>
      <file name="Modal.css" path="C:\Users\cronc\IdeaProjects\reactcarlos\src\componentes\Modal.css">
        <metrics statements="0" coveredstatements="0" conditionals="0" coveredconditionals="0" methods="0" coveredmethods="0"/>
      </file>
      <file name="Modal.jsx" path="C:\Users\cronc\IdeaProjects\reactcarlos\src\componentes\Modal.jsx">
        <metrics statements="2" coveredstatements="2" conditionals="0" coveredconditionals="0" methods="1" coveredmethods="1"/>
        <line num="3" count="4" type="stmt"/>
        <line num="4" count="7" type="stmt"/>
      </file>
    </package>
    <package name="src.componentes.data">
      <metrics statements="1" coveredstatements="1" conditionals="0" coveredconditionals="0" methods="0" coveredmethods="0"/>
      <file name="trabajos.jsx" path="C:\Users\cronc\IdeaProjects\reactcarlos\src\componentes\data\trabajos.jsx">
        <metrics statements="1" coveredstatements="1" conditionals="0" coveredconditionals="0" methods="0" coveredmethods="0"/>
        <line num="1" count="4" type="stmt"/>
      </file>
    </package>
    <package name="src.componentes.layout">
      <metrics statements="72" coveredstatements="71" conditionals="27" coveredconditionals="25" methods="21" coveredmethods="20"/>
      <file name="AcercaDe.css" path="C:\Users\cronc\IdeaProjects\reactcarlos\src\componentes\layout\AcercaDe.css">
        <metrics statements="0" coveredstatements="0" conditionals="0" coveredconditionals="0" methods="0" coveredmethods="0"/>
      </file>
      <file name="AcercaDe.jsx" path="C:\Users\cronc\IdeaProjects\reactcarlos\src\componentes\layout\AcercaDe.jsx">
        <metrics statements="2" coveredstatements="2" conditionals="0" coveredconditionals="0" methods="1" coveredmethods="1"/>
        <line num="3" count="2" type="stmt"/>
        <line num="4" count="5" type="stmt"/>
      </file>
      <file name="Clientes.css" path="C:\Users\cronc\IdeaProjects\reactcarlos\src\componentes\layout\Clientes.css">
        <metrics statements="0" coveredstatements="0" conditionals="0" coveredconditionals="0" methods="0" coveredmethods="0"/>
      </file>
      <file name="Clientes.jsx" path="C:\Users\cronc\IdeaProjects\reactcarlos\src\componentes\layout\Clientes.jsx">
        <metrics statements="2" coveredstatements="2" conditionals="0" coveredconditionals="0" methods="1" coveredmethods="1"/>
        <line num="3" count="2" type="stmt"/>
        <line num="4" count="5" type="stmt"/>
      </file>
      <file name="Contacto.css" path="C:\Users\cronc\IdeaProjects\reactcarlos\src\componentes\layout\Contacto.css">
        <metrics statements="0" coveredstatements="0" conditionals="0" coveredconditionals="0" methods="0" coveredmethods="0"/>
      </file>
      <file name="Contacto.jsx" path="C:\Users\cronc\IdeaProjects\reactcarlos\src\componentes\layout\Contacto.jsx">
        <metrics statements="34" coveredstatements="34" conditionals="19" coveredconditionals="18" methods="6" coveredmethods="6"/>
        <line num="6" count="3" type="stmt"/>
        <line num="7" count="239" type="stmt"/>
        <line num="8" count="239" type="stmt"/>
        <line num="9" count="239" type="stmt"/>
        <line num="10" count="239" type="stmt"/>
        <line num="13" count="239" type="stmt"/>
        <line num="14" count="221" type="cond" truecount="2" falsecount="0"/>
        <line num="15" count="57" type="stmt"/>
        <line num="17" count="221" type="cond" truecount="2" falsecount="0"/>
        <line num="18" count="76" type="stmt"/>
        <line num="20" count="221" type="cond" truecount="2" falsecount="0"/>
        <line num="21" count="88" type="stmt"/>
        <line num="25" count="239" type="stmt"/>
        <line num="27" count="6" type="stmt"/>
        <line num="28" count="6" type="stmt"/>
        <line num="29" count="6" type="stmt"/>
        <line num="31" count="6" type="cond" truecount="2" falsecount="0"/>
        <line num="32" count="2" type="stmt"/>
        <line num="33" count="2" type="stmt"/>
        <line num="34" count="2" type="stmt"/>
        <line num="37" count="4" type="cond" truecount="2" falsecount="0"/>
        <line num="38" count="1" type="stmt"/>
        <line num="39" count="1" type="stmt"/>
        <line num="40" count="1" type="stmt"/>
        <line num="43" count="3" type="cond" truecount="2" falsecount="0"/>
        <line num="44" count="1" type="stmt"/>
        <line num="45" count="1" type="stmt"/>
        <line num="46" count="1" type="stmt"/>
        <line num="49" count="2" type="cond" truecount="4" falsecount="1"/>
        <line num="50" count="2" type="stmt"/>
        <line num="56" count="239" type="stmt"/>
        <line num="77" count="57" type="stmt"/>
        <line num="88" count="76" type="stmt"/>
        <line num="99" count="88" type="stmt"/>
      </file>
      <file name="Footer.css" path="C:\Users\cronc\IdeaProjects\reactcarlos\src\componentes\layout\Footer.css">
        <metrics statements="0" coveredstatements="0" conditionals="0" coveredconditionals="0" methods="0" coveredmethods="0"/>
      </file>
      <file name="Footer.jsx" path="C:\Users\cronc\IdeaProjects\reactcarlos\src\componentes\layout\Footer.jsx">
        <metrics statements="2" coveredstatements="2" conditionals="0" coveredconditionals="0" methods="1" coveredmethods="1"/>
        <line num="3" count="2" type="stmt"/>
        <line num="4" count="5" type="stmt"/>
      </file>
      <file name="Header.css" path="C:\Users\cronc\IdeaProjects\reactcarlos\src\componentes\layout\Header.css">
        <metrics statements="0" coveredstatements="0" conditionals="0" coveredconditionals="0" methods="0" coveredmethods="0"/>
      </file>
      <file name="Header.jsx" path="C:\Users\cronc\IdeaProjects\reactcarlos\src\componentes\layout\Header.jsx">
        <metrics statements="2" coveredstatements="2" conditionals="0" coveredconditionals="0" methods="1" coveredmethods="1"/>
        <line num="4" count="3" type="stmt"/>
        <line num="5" count="7" type="stmt"/>
      </file>
      <file name="Hero.css" path="C:\Users\cronc\IdeaProjects\reactcarlos\src\componentes\layout\Hero.css">
        <metrics statements="0" coveredstatements="0" conditionals="0" coveredconditionals="0" methods="0" coveredmethods="0"/>
      </file>
      <file name="Hero.jsx" path="C:\Users\cronc\IdeaProjects\reactcarlos\src\componentes\layout\Hero.jsx">
        <metrics statements="2" coveredstatements="2" conditionals="0" coveredconditionals="0" methods="1" coveredmethods="1"/>
        <line num="3" count="2" type="stmt"/>
        <line num="4" count="5" type="stmt"/>
      </file>
      <file name="Trabajos.css" path="C:\Users\cronc\IdeaProjects\reactcarlos\src\componentes\layout\Trabajos.css">
        <metrics statements="0" coveredstatements="0" conditionals="0" coveredconditionals="0" methods="0" coveredmethods="0"/>
      </file>
      <file name="Trabajos.jsx" path="C:\Users\cronc\IdeaProjects\reactcarlos\src\componentes\layout\Trabajos.jsx">
        <metrics statements="28" coveredstatements="27" conditionals="8" coveredconditionals="7" methods="10" coveredmethods="9"/>
        <line num="9" count="4" type="stmt"/>
        <line num="13" count="33" type="stmt"/>
        <line num="16" count="33" type="stmt"/>
        <line num="20" count="33" type="stmt"/>
        <line num="22" count="33" type="stmt"/>
        <line num="29" count="33" type="stmt"/>
        <line num="30" count="7" type="stmt"/>
        <line num="31" count="7" type="stmt"/>
        <line num="39" count="7" type="cond" truecount="2" falsecount="0"/>
        <line num="40" count="1" type="stmt"/>
        <line num="42" count="6" type="stmt"/>
        <line num="43" count="72" type="cond" truecount="2" falsecount="0"/>
        <line num="44" count="18" type="stmt"/>
        <line num="48" count="6" type="stmt"/>
        <line num="55" count="33" type="stmt"/>
        <line num="56" count="7" type="stmt"/>
        <line num="57" count="7" type="stmt"/>
        <line num="59" count="7" type="stmt"/>
        <line num="60" count="7" type="cond" truecount="1" falsecount="1"/>
        <line num="61" count="7" type="stmt"/>
        <line num="65" count="7" type="stmt"/>
        <line num="69" count="33" type="stmt"/>
        <line num="70" count="6" type="stmt"/>
        <line num="75" count="33" type="stmt"/>
        <line num="107" count="315" type="stmt"/>
        <line num="109" count="6" type="stmt"/>
        <line num="114" count="1" type="stmt"/>
        <line num="119" count="0" type="stmt"/>
      </file>
    </package>
    <package name="src.utils">
      <metrics statements="11" coveredstatements="11" conditionals="6" coveredconditionals="6" methods="3" coveredmethods="3"/>
      <file name="validaciones.js" path="C:\Users\cronc\IdeaProjects\reactcarlos\src\utils\validaciones.js">
        <metrics statements="11" coveredstatements="11" conditionals="6" coveredconditionals="6" methods="3" coveredmethods="3"/>
        <line num="3" count="4" type="stmt"/>
        <line num="10" count="16" type="stmt"/>
        <line num="13" count="16" type="cond" truecount="2" falsecount="0"/>
        <line num="15" count="14" type="stmt"/>
        <line num="18" count="4" type="stmt"/>
        <line num="21" count="15" type="stmt"/>
        <line num="23" count="15" type="cond" truecount="2" falsecount="0"/>
        <line num="24" count="12" type="stmt"/>
        <line num="27" count="4" type="stmt"/>
        <line num="30" count="12" type="cond" truecount="2" falsecount="0"/>
        <line num="33" count="6" type="stmt"/>
      </file>
    </package>
  </project>
</coverage>
