{"C:\\Users\\cronc\\IdeaProjects\\reactcarlos\\src\\App.jsx": {"path":"C:\\Users\\cronc\\IdeaProjects\\reactcarlos\\src\\App.jsx","statementMap":{"0":{"start":{"line":34,"column":4},"end":{"line":45,"column":null}}},"fnMap":{"0":{"name":"App","decl":{"start":{"line":33,"column":9},"end":{"line":33,"column":15}},"loc":{"start":{"line":33,"column":15},"end":{"line":47,"column":null}},"line":33}},"branchMap":{},"s":{"0":5},"f":{"0":5},"b":{},"meta":{"lastBranch":0,"lastFunction":1,"lastStatement":1,"seen":{"f:33:9:33:15":0,"s:34:4:45:Infinity":0}}}
,"C:\\Users\\cronc\\IdeaProjects\\reactcarlos\\src\\normalize.css": {"path":"C:\\Users\\cronc\\IdeaProjects\\reactcarlos\\src\\normalize.css","statementMap":{},"fnMap":{},"branchMap":{},"s":{},"f":{},"b":{},"meta":{"lastBranch":0,"lastFunction":0,"lastStatement":0,"seen":{}}}
,"C:\\Users\\cronc\\IdeaProjects\\reactcarlos\\src\\componentes\\DarkModeSwitch.css": {"path":"C:\\Users\\cronc\\IdeaProjects\\reactcarlos\\src\\componentes\\DarkModeSwitch.css","statementMap":{},"fnMap":{},"branchMap":{},"s":{},"f":{},"b":{},"meta":{"lastBranch":0,"lastFunction":0,"lastStatement":0,"seen":{}}}
,"C:\\Users\\cronc\\IdeaProjects\\reactcarlos\\src\\componentes\\DarkModeSwitch.jsx": {"path":"C:\\Users\\cronc\\IdeaProjects\\reactcarlos\\src\\componentes\\DarkModeSwitch.jsx","statementMap":{"0":{"start":{"line":5,"column":23},"end":{"line":58,"column":null}},"1":{"start":{"line":6,"column":23},"end":{"line":6,"column":null}},"2":{"start":{"line":7,"column":29},"end":{"line":7,"column":null}},"3":{"start":{"line":9,"column":24},"end":{"line":13,"column":null}},"4":{"start":{"line":10,"column":2},"end":{"line":10,"column":null}},"5":{"start":{"line":12,"column":2},"end":{"line":12,"column":null}},"6":{"start":{"line":15,"column":1},"end":{"line":21,"column":null}},"7":{"start":{"line":16,"column":2},"end":{"line":20,"column":null}},"8":{"start":{"line":17,"column":3},"end":{"line":17,"column":null}},"9":{"start":{"line":19,"column":3},"end":{"line":19,"column":null}},"10":{"start":{"line":23,"column":1},"end":{"line":56,"column":null}}},"fnMap":{"0":{"name":"(anonymous_0)","decl":{"start":{"line":5,"column":23},"end":{"line":5,"column":29}},"loc":{"start":{"line":5,"column":29},"end":{"line":58,"column":null}},"line":5},"1":{"name":"(anonymous_1)","decl":{"start":{"line":9,"column":24},"end":{"line":9,"column":30}},"loc":{"start":{"line":9,"column":30},"end":{"line":13,"column":null}},"line":9},"2":{"name":"(anonymous_2)","decl":{"start":{"line":15,"column":11},"end":{"line":15,"column":17}},"loc":{"start":{"line":15,"column":17},"end":{"line":21,"column":4}},"line":15}},"branchMap":{"0":{"loc":{"start":{"line":6,"column":34},"end":{"line":6,"column":76}},"type":"binary-expr","locations":[{"start":{"line":6,"column":34},"end":{"line":6,"column":71}},{"start":{"line":6,"column":71},"end":{"line":6,"column":76}}],"line":6},"1":{"loc":{"start":{"line":16,"column":2},"end":{"line":20,"column":null}},"type":"if","locations":[{"start":{"line":16,"column":2},"end":{"line":20,"column":null}},{"start":{"line":18,"column":9},"end":{"line":20,"column":null}}],"line":16},"2":{"loc":{"start":{"line":27,"column":34},"end":{"line":27,"column":59}},"type":"cond-expr","locations":[{"start":{"line":27,"column":46},"end":{"line":27,"column":57}},{"start":{"line":27,"column":57},"end":{"line":27,"column":59}}],"line":27},"3":{"loc":{"start":{"line":42,"column":35},"end":{"line":42,"column":59}},"type":"cond-expr","locations":[{"start":{"line":42,"column":46},"end":{"line":42,"column":57}},{"start":{"line":42,"column":57},"end":{"line":42,"column":59}}],"line":42}},"s":{"0":4,"1":19,"2":19,"3":19,"4":5,"5":5,"6":19,"7":19,"8":5,"9":14,"10":19},"f":{"0":19,"1":5,"2":19},"b":{"0":[19,13],"1":[5,14],"2":[14,5],"3":[5,14]},"meta":{"lastBranch":4,"lastFunction":3,"lastStatement":11,"seen":{"s:5:23:58:Infinity":0,"f:5:23:5:29":0,"s:6:23:6:Infinity":1,"b:6:34:6:71:6:71:6:76":0,"s:7:29:7:Infinity":2,"s:9:24:13:Infinity":3,"f:9:24:9:30":1,"s:10:2:10:Infinity":4,"s:12:2:12:Infinity":5,"s:15:1:21:Infinity":6,"f:15:11:15:17":2,"b:16:2:20:Infinity:18:9:20:Infinity":1,"s:16:2:20:Infinity":7,"s:17:3:17:Infinity":8,"s:19:3:19:Infinity":9,"s:23:1:56:Infinity":10,"b:27:46:27:57:27:57:27:59":2,"b:42:46:42:57:42:57:42:59":3}}}
,"C:\\Users\\cronc\\IdeaProjects\\reactcarlos\\src\\componentes\\Modal.css": {"path":"C:\\Users\\cronc\\IdeaProjects\\reactcarlos\\src\\componentes\\Modal.css","statementMap":{},"fnMap":{},"branchMap":{},"s":{},"f":{},"b":{},"meta":{"lastBranch":0,"lastFunction":0,"lastStatement":0,"seen":{}}}
,"C:\\Users\\cronc\\IdeaProjects\\reactcarlos\\src\\componentes\\Modal.jsx": {"path":"C:\\Users\\cronc\\IdeaProjects\\reactcarlos\\src\\componentes\\Modal.jsx","statementMap":{"0":{"start":{"line":3,"column":14},"end":{"line":35,"column":null}},"1":{"start":{"line":4,"column":1},"end":{"line":33,"column":null}}},"fnMap":{"0":{"name":"(anonymous_0)","decl":{"start":{"line":3,"column":14},"end":{"line":3,"column":15}},"loc":{"start":{"line":3,"column":43},"end":{"line":35,"column":null}},"line":3}},"branchMap":{},"s":{"0":4,"1":7},"f":{"0":7},"b":{},"meta":{"lastBranch":0,"lastFunction":1,"lastStatement":2,"seen":{"s:3:14:35:Infinity":0,"f:3:14:3:15":0,"s:4:1:33:Infinity":1}}}
,"C:\\Users\\cronc\\IdeaProjects\\reactcarlos\\src\\componentes\\data\\trabajos.jsx": {"path":"C:\\Users\\cronc\\IdeaProjects\\reactcarlos\\src\\componentes\\data\\trabajos.jsx","statementMap":{"0":{"start":{"line":1,"column":17},"end":{"line":430,"column":null}}},"fnMap":{},"branchMap":{},"s":{"0":4},"f":{},"b":{},"meta":{"lastBranch":0,"lastFunction":0,"lastStatement":1,"seen":{"s:1:17:430:Infinity":0}}}
,"C:\\Users\\cronc\\IdeaProjects\\reactcarlos\\src\\componentes\\layout\\AcercaDe.css": {"path":"C:\\Users\\cronc\\IdeaProjects\\reactcarlos\\src\\componentes\\layout\\AcercaDe.css","statementMap":{},"fnMap":{},"branchMap":{},"s":{},"f":{},"b":{},"meta":{"lastBranch":0,"lastFunction":0,"lastStatement":0,"seen":{}}}
,"C:\\Users\\cronc\\IdeaProjects\\reactcarlos\\src\\componentes\\layout\\AcercaDe.jsx": {"path":"C:\\Users\\cronc\\IdeaProjects\\reactcarlos\\src\\componentes\\layout\\AcercaDe.jsx","statementMap":{"0":{"start":{"line":3,"column":17},"end":{"line":45,"column":null}},"1":{"start":{"line":4,"column":1},"end":{"line":43,"column":null}}},"fnMap":{"0":{"name":"(anonymous_0)","decl":{"start":{"line":3,"column":17},"end":{"line":3,"column":23}},"loc":{"start":{"line":3,"column":23},"end":{"line":45,"column":null}},"line":3}},"branchMap":{},"s":{"0":2,"1":5},"f":{"0":5},"b":{},"meta":{"lastBranch":0,"lastFunction":1,"lastStatement":2,"seen":{"s:3:17:45:Infinity":0,"f:3:17:3:23":0,"s:4:1:43:Infinity":1}}}
,"C:\\Users\\cronc\\IdeaProjects\\reactcarlos\\src\\componentes\\layout\\Clientes.css": {"path":"C:\\Users\\cronc\\IdeaProjects\\reactcarlos\\src\\componentes\\layout\\Clientes.css","statementMap":{},"fnMap":{},"branchMap":{},"s":{},"f":{},"b":{},"meta":{"lastBranch":0,"lastFunction":0,"lastStatement":0,"seen":{}}}
,"C:\\Users\\cronc\\IdeaProjects\\reactcarlos\\src\\componentes\\layout\\Clientes.jsx": {"path":"C:\\Users\\cronc\\IdeaProjects\\reactcarlos\\src\\componentes\\layout\\Clientes.jsx","statementMap":{"0":{"start":{"line":3,"column":17},"end":{"line":21,"column":null}},"1":{"start":{"line":4,"column":1},"end":{"line":19,"column":null}}},"fnMap":{"0":{"name":"(anonymous_0)","decl":{"start":{"line":3,"column":17},"end":{"line":3,"column":23}},"loc":{"start":{"line":3,"column":23},"end":{"line":21,"column":null}},"line":3}},"branchMap":{},"s":{"0":2,"1":5},"f":{"0":5},"b":{},"meta":{"lastBranch":0,"lastFunction":1,"lastStatement":2,"seen":{"s:3:17:21:Infinity":0,"f:3:17:3:23":0,"s:4:1:19:Infinity":1}}}
,"C:\\Users\\cronc\\IdeaProjects\\reactcarlos\\src\\componentes\\layout\\Contacto.css": {"path":"C:\\Users\\cronc\\IdeaProjects\\reactcarlos\\src\\componentes\\layout\\Contacto.css","statementMap":{},"fnMap":{},"branchMap":{},"s":{},"f":{},"b":{},"meta":{"lastBranch":0,"lastFunction":0,"lastStatement":0,"seen":{}}}
,"C:\\Users\\cronc\\IdeaProjects\\reactcarlos\\src\\componentes\\layout\\Contacto.jsx": {"path":"C:\\Users\\cronc\\IdeaProjects\\reactcarlos\\src\\componentes\\layout\\Contacto.jsx","statementMap":{"0":{"start":{"line":6,"column":17},"end":{"line":129,"column":null}},"1":{"start":{"line":7,"column":25},"end":{"line":7,"column":null}},"2":{"start":{"line":8,"column":25},"end":{"line":8,"column":null}},"3":{"start":{"line":9,"column":27},"end":{"line":9,"column":null}},"4":{"start":{"line":10,"column":23},"end":{"line":10,"column":null}},"5":{"start":{"line":13,"column":21},"end":{"line":23,"column":null}},"6":{"start":{"line":14,"column":2},"end":{"line":16,"column":null}},"7":{"start":{"line":15,"column":3},"end":{"line":15,"column":null}},"8":{"start":{"line":17,"column":2},"end":{"line":19,"column":null}},"9":{"start":{"line":18,"column":3},"end":{"line":18,"column":null}},"10":{"start":{"line":20,"column":2},"end":{"line":22,"column":null}},"11":{"start":{"line":21,"column":3},"end":{"line":21,"column":null}},"12":{"start":{"line":25,"column":22},"end":{"line":54,"column":null}},"13":{"start":{"line":27,"column":8},"end":{"line":27,"column":null}},"14":{"start":{"line":28,"column":8},"end":{"line":28,"column":null}},"15":{"start":{"line":29,"column":8},"end":{"line":29,"column":null}},"16":{"start":{"line":31,"column":2},"end":{"line":35,"column":null}},"17":{"start":{"line":32,"column":3},"end":{"line":32,"column":null}},"18":{"start":{"line":33,"column":3},"end":{"line":33,"column":null}},"19":{"start":{"line":34,"column":3},"end":{"line":34,"column":null}},"20":{"start":{"line":37,"column":2},"end":{"line":41,"column":null}},"21":{"start":{"line":38,"column":3},"end":{"line":38,"column":null}},"22":{"start":{"line":39,"column":3},"end":{"line":39,"column":null}},"23":{"start":{"line":40,"column":3},"end":{"line":40,"column":null}},"24":{"start":{"line":43,"column":2},"end":{"line":47,"column":null}},"25":{"start":{"line":44,"column":3},"end":{"line":44,"column":null}},"26":{"start":{"line":45,"column":3},"end":{"line":45,"column":null}},"27":{"start":{"line":46,"column":3},"end":{"line":46,"column":null}},"28":{"start":{"line":49,"column":2},"end":{"line":53,"column":null}},"29":{"start":{"line":50,"column":3},"end":{"line":50,"column":null}},"30":{"start":{"line":56,"column":1},"end":{"line":127,"column":null}},"31":{"start":{"line":77,"column":24},"end":{"line":77,"column":null}},"32":{"start":{"line":88,"column":24},"end":{"line":88,"column":null}},"33":{"start":{"line":99,"column":24},"end":{"line":99,"column":null}}},"fnMap":{"0":{"name":"(anonymous_0)","decl":{"start":{"line":6,"column":17},"end":{"line":6,"column":23}},"loc":{"start":{"line":6,"column":23},"end":{"line":129,"column":null}},"line":6},"1":{"name":"(anonymous_1)","decl":{"start":{"line":13,"column":21},"end":{"line":13,"column":22}},"loc":{"start":{"line":13,"column":35},"end":{"line":23,"column":null}},"line":13},"2":{"name":"(anonymous_2)","decl":{"start":{"line":25,"column":22},"end":{"line":25,"column":23}},"loc":{"start":{"line":25,"column":29},"end":{"line":54,"column":null}},"line":25},"3":{"name":"(anonymous_3)","decl":{"start":{"line":77,"column":17},"end":{"line":77,"column":18}},"loc":{"start":{"line":77,"column":24},"end":{"line":77,"column":null}},"line":77},"4":{"name":"(anonymous_4)","decl":{"start":{"line":88,"column":17},"end":{"line":88,"column":18}},"loc":{"start":{"line":88,"column":24},"end":{"line":88,"column":null}},"line":88},"5":{"name":"(anonymous_5)","decl":{"start":{"line":99,"column":17},"end":{"line":99,"column":18}},"loc":{"start":{"line":99,"column":24},"end":{"line":99,"column":null}},"line":99}},"branchMap":{"0":{"loc":{"start":{"line":14,"column":2},"end":{"line":16,"column":null}},"type":"if","locations":[{"start":{"line":14,"column":2},"end":{"line":16,"column":null}},{"start":{},"end":{}}],"line":14},"1":{"loc":{"start":{"line":17,"column":2},"end":{"line":19,"column":null}},"type":"if","locations":[{"start":{"line":17,"column":2},"end":{"line":19,"column":null}},{"start":{},"end":{}}],"line":17},"2":{"loc":{"start":{"line":20,"column":2},"end":{"line":22,"column":null}},"type":"if","locations":[{"start":{"line":20,"column":2},"end":{"line":22,"column":null}},{"start":{},"end":{}}],"line":20},"3":{"loc":{"start":{"line":31,"column":2},"end":{"line":35,"column":null}},"type":"if","locations":[{"start":{"line":31,"column":2},"end":{"line":35,"column":null}},{"start":{},"end":{}}],"line":31},"4":{"loc":{"start":{"line":37,"column":2},"end":{"line":41,"column":null}},"type":"if","locations":[{"start":{"line":37,"column":2},"end":{"line":41,"column":null}},{"start":{},"end":{}}],"line":37},"5":{"loc":{"start":{"line":43,"column":2},"end":{"line":47,"column":null}},"type":"if","locations":[{"start":{"line":43,"column":2},"end":{"line":47,"column":null}},{"start":{},"end":{}}],"line":43},"6":{"loc":{"start":{"line":49,"column":2},"end":{"line":53,"column":null}},"type":"if","locations":[{"start":{"line":49,"column":2},"end":{"line":53,"column":null}},{"start":{},"end":{}}],"line":49},"7":{"loc":{"start":{"line":49,"column":6},"end":{"line":49,"column":53}},"type":"binary-expr","locations":[{"start":{"line":49,"column":6},"end":{"line":49,"column":22}},{"start":{"line":49,"column":22},"end":{"line":49,"column":38}},{"start":{"line":49,"column":38},"end":{"line":49,"column":53}}],"line":49},"8":{"loc":{"start":{"line":102,"column":6},"end":{"line":105,"column":null}},"type":"binary-expr","locations":[{"start":{"line":102,"column":6},"end":{"line":102,"column":null}},{"start":{"line":103,"column":6},"end":{"line":105,"column":null}}],"line":102}},"s":{"0":3,"1":239,"2":239,"3":239,"4":239,"5":239,"6":221,"7":57,"8":221,"9":76,"10":221,"11":88,"12":239,"13":6,"14":6,"15":6,"16":6,"17":2,"18":2,"19":2,"20":4,"21":1,"22":1,"23":1,"24":3,"25":1,"26":1,"27":1,"28":2,"29":2,"30":239,"31":57,"32":76,"33":88},"f":{"0":239,"1":221,"2":6,"3":57,"4":76,"5":88},"b":{"0":[57,164],"1":[76,145],"2":[88,133],"3":[2,4],"4":[1,3],"5":[1,2],"6":[2,0],"7":[2,2,2],"8":[239,67]},"meta":{"lastBranch":9,"lastFunction":6,"lastStatement":34,"seen":{"s:6:17:129:Infinity":0,"f:6:17:6:23":0,"s:7:25:7:Infinity":1,"s:8:25:8:Infinity":2,"s:9:27:9:Infinity":3,"s:10:23:10:Infinity":4,"s:13:21:23:Infinity":5,"f:13:21:13:22":1,"b:14:2:16:Infinity:undefined:undefined:undefined:undefined":0,"s:14:2:16:Infinity":6,"s:15:3:15:Infinity":7,"b:17:2:19:Infinity:undefined:undefined:undefined:undefined":1,"s:17:2:19:Infinity":8,"s:18:3:18:Infinity":9,"b:20:2:22:Infinity:undefined:undefined:undefined:undefined":2,"s:20:2:22:Infinity":10,"s:21:3:21:Infinity":11,"s:25:22:54:Infinity":12,"f:25:22:25:23":2,"s:27:8:27:Infinity":13,"s:28:8:28:Infinity":14,"s:29:8:29:Infinity":15,"b:31:2:35:Infinity:undefined:undefined:undefined:undefined":3,"s:31:2:35:Infinity":16,"s:32:3:32:Infinity":17,"s:33:3:33:Infinity":18,"s:34:3:34:Infinity":19,"b:37:2:41:Infinity:undefined:undefined:undefined:undefined":4,"s:37:2:41:Infinity":20,"s:38:3:38:Infinity":21,"s:39:3:39:Infinity":22,"s:40:3:40:Infinity":23,"b:43:2:47:Infinity:undefined:undefined:undefined:undefined":5,"s:43:2:47:Infinity":24,"s:44:3:44:Infinity":25,"s:45:3:45:Infinity":26,"s:46:3:46:Infinity":27,"b:49:2:53:Infinity:undefined:undefined:undefined:undefined":6,"s:49:2:53:Infinity":28,"b:49:6:49:22:49:22:49:38:49:38:49:53":7,"s:50:3:50:Infinity":29,"s:56:1:127:Infinity":30,"f:77:17:77:18":3,"s:77:24:77:Infinity":31,"f:88:17:88:18":4,"s:88:24:88:Infinity":32,"f:99:17:99:18":5,"s:99:24:99:Infinity":33,"b:102:6:102:Infinity:103:6:105:Infinity":8}}}
,"C:\\Users\\cronc\\IdeaProjects\\reactcarlos\\src\\componentes\\layout\\Footer.css": {"path":"C:\\Users\\cronc\\IdeaProjects\\reactcarlos\\src\\componentes\\layout\\Footer.css","statementMap":{},"fnMap":{},"branchMap":{},"s":{},"f":{},"b":{},"meta":{"lastBranch":0,"lastFunction":0,"lastStatement":0,"seen":{}}}
,"C:\\Users\\cronc\\IdeaProjects\\reactcarlos\\src\\componentes\\layout\\Footer.jsx": {"path":"C:\\Users\\cronc\\IdeaProjects\\reactcarlos\\src\\componentes\\layout\\Footer.jsx","statementMap":{"0":{"start":{"line":3,"column":15},"end":{"line":75,"column":null}},"1":{"start":{"line":4,"column":1},"end":{"line":73,"column":null}}},"fnMap":{"0":{"name":"(anonymous_0)","decl":{"start":{"line":3,"column":15},"end":{"line":3,"column":21}},"loc":{"start":{"line":3,"column":21},"end":{"line":75,"column":null}},"line":3}},"branchMap":{},"s":{"0":2,"1":5},"f":{"0":5},"b":{},"meta":{"lastBranch":0,"lastFunction":1,"lastStatement":2,"seen":{"s:3:15:75:Infinity":0,"f:3:15:3:21":0,"s:4:1:73:Infinity":1}}}
,"C:\\Users\\cronc\\IdeaProjects\\reactcarlos\\src\\componentes\\layout\\Header.css": {"path":"C:\\Users\\cronc\\IdeaProjects\\reactcarlos\\src\\componentes\\layout\\Header.css","statementMap":{},"fnMap":{},"branchMap":{},"s":{},"f":{},"b":{},"meta":{"lastBranch":0,"lastFunction":0,"lastStatement":0,"seen":{}}}
,"C:\\Users\\cronc\\IdeaProjects\\reactcarlos\\src\\componentes\\layout\\Header.jsx": {"path":"C:\\Users\\cronc\\IdeaProjects\\reactcarlos\\src\\componentes\\layout\\Header.jsx","statementMap":{"0":{"start":{"line":4,"column":16},"end":{"line":19,"column":null}},"1":{"start":{"line":5,"column":4},"end":{"line":17,"column":null}}},"fnMap":{"0":{"name":"(anonymous_0)","decl":{"start":{"line":4,"column":16},"end":{"line":4,"column":21}},"loc":{"start":{"line":4,"column":21},"end":{"line":19,"column":null}},"line":4}},"branchMap":{},"s":{"0":3,"1":7},"f":{"0":7},"b":{},"meta":{"lastBranch":0,"lastFunction":1,"lastStatement":2,"seen":{"s:4:16:19:Infinity":0,"f:4:16:4:21":0,"s:5:4:17:Infinity":1}}}
,"C:\\Users\\cronc\\IdeaProjects\\reactcarlos\\src\\componentes\\layout\\Hero.css": {"path":"C:\\Users\\cronc\\IdeaProjects\\reactcarlos\\src\\componentes\\layout\\Hero.css","statementMap":{},"fnMap":{},"branchMap":{},"s":{},"f":{},"b":{},"meta":{"lastBranch":0,"lastFunction":0,"lastStatement":0,"seen":{}}}
,"C:\\Users\\cronc\\IdeaProjects\\reactcarlos\\src\\componentes\\layout\\Hero.jsx": {"path":"C:\\Users\\cronc\\IdeaProjects\\reactcarlos\\src\\componentes\\layout\\Hero.jsx","statementMap":{"0":{"start":{"line":3,"column":13},"end":{"line":60,"column":null}},"1":{"start":{"line":4,"column":1},"end":{"line":60,"column":null}}},"fnMap":{"0":{"name":"(anonymous_0)","decl":{"start":{"line":3,"column":13},"end":{"line":3,"column":null}},"loc":{"start":{"line":4,"column":1},"end":{"line":60,"column":null}},"line":4}},"branchMap":{},"s":{"0":2,"1":5},"f":{"0":5},"b":{},"meta":{"lastBranch":0,"lastFunction":1,"lastStatement":2,"seen":{"s:3:13:60:Infinity":0,"f:3:13:3:Infinity":0,"s:4:1:60:Infinity":1}}}
,"C:\\Users\\cronc\\IdeaProjects\\reactcarlos\\src\\componentes\\layout\\Trabajos.css": {"path":"C:\\Users\\cronc\\IdeaProjects\\reactcarlos\\src\\componentes\\layout\\Trabajos.css","statementMap":{},"fnMap":{},"branchMap":{},"s":{},"f":{},"b":{},"meta":{"lastBranch":0,"lastFunction":0,"lastStatement":0,"seen":{}}}
,"C:\\Users\\cronc\\IdeaProjects\\reactcarlos\\src\\componentes\\layout\\Trabajos.jsx": {"path":"C:\\Users\\cronc\\IdeaProjects\\reactcarlos\\src\\componentes\\layout\\Trabajos.jsx","statementMap":{"0":{"start":{"line":9,"column":17},"end":{"line":138,"column":null}},"1":{"start":{"line":13,"column":56},"end":{"line":13,"column":null}},"2":{"start":{"line":16,"column":50},"end":{"line":16,"column":null}},"3":{"start":{"line":20,"column":38},"end":{"line":20,"column":null}},"4":{"start":{"line":22,"column":52},"end":{"line":22,"column":null}},"5":{"start":{"line":29,"column":25},"end":{"line":50,"column":null}},"6":{"start":{"line":30,"column":26},"end":{"line":30,"column":null}},"7":{"start":{"line":31,"column":8},"end":{"line":31,"column":null}},"8":{"start":{"line":39,"column":8},"end":{"line":49,"column":null}},"9":{"start":{"line":40,"column":12},"end":{"line":40,"column":null}},"10":{"start":{"line":42,"column":35},"end":{"line":46,"column":null}},"11":{"start":{"line":43,"column":16},"end":{"line":45,"column":null}},"12":{"start":{"line":44,"column":20},"end":{"line":44,"column":null}},"13":{"start":{"line":48,"column":12},"end":{"line":48,"column":null}},"14":{"start":{"line":55,"column":22},"end":{"line":66,"column":null}},"15":{"start":{"line":56,"column":8},"end":{"line":56,"column":null}},"16":{"start":{"line":57,"column":8},"end":{"line":57,"column":null}},"17":{"start":{"line":59,"column":24},"end":{"line":63,"column":null}},"18":{"start":{"line":60,"column":12},"end":{"line":62,"column":null}},"19":{"start":{"line":61,"column":16},"end":{"line":61,"column":null}},"20":{"start":{"line":65,"column":8},"end":{"line":65,"column":null}},"21":{"start":{"line":69,"column":23},"end":{"line":71,"column":null}},"22":{"start":{"line":70,"column":8},"end":{"line":70,"column":null}},"23":{"start":{"line":75,"column":2},"end":{"line":136,"column":null}},"24":{"start":{"line":107,"column":18},"end":{"line":130,"column":null}},"25":{"start":{"line":109,"column":72},"end":{"line":109,"column":null}},"26":{"start":{"line":114,"column":81},"end":{"line":114,"column":null}},"27":{"start":{"line":119,"column":77},"end":{"line":119,"column":null}}},"fnMap":{"0":{"name":"(anonymous_0)","decl":{"start":{"line":9,"column":17},"end":{"line":9,"column":23}},"loc":{"start":{"line":9,"column":23},"end":{"line":138,"column":null}},"line":9},"1":{"name":"(anonymous_1)","decl":{"start":{"line":29,"column":25},"end":{"line":29,"column":26}},"loc":{"start":{"line":29,"column":32},"end":{"line":50,"column":null}},"line":29},"2":{"name":"(anonymous_2)","decl":{"start":{"line":42,"column":51},"end":{"line":42,"column":52}},"loc":{"start":{"line":42,"column":64},"end":{"line":46,"column":13}},"line":42},"3":{"name":"(anonymous_3)","decl":{"start":{"line":55,"column":22},"end":{"line":55,"column":23}},"loc":{"start":{"line":55,"column":33},"end":{"line":66,"column":null}},"line":55},"4":{"name":"(anonymous_4)","decl":{"start":{"line":59,"column":38},"end":{"line":59,"column":39}},"loc":{"start":{"line":59,"column":51},"end":{"line":63,"column":9}},"line":59},"5":{"name":"(anonymous_5)","decl":{"start":{"line":69,"column":23},"end":{"line":69,"column":29}},"loc":{"start":{"line":69,"column":29},"end":{"line":71,"column":null}},"line":69},"6":{"name":"(anonymous_6)","decl":{"start":{"line":106,"column":37},"end":{"line":106,"column":38}},"loc":{"start":{"line":106,"column":51},"end":{"line":132,"column":15}},"line":106},"7":{"name":"(anonymous_7)","decl":{"start":{"line":109,"column":65},"end":{"line":109,"column":66}},"loc":{"start":{"line":109,"column":72},"end":{"line":109,"column":null}},"line":109},"8":{"name":"(anonymous_8)","decl":{"start":{"line":114,"column":74},"end":{"line":114,"column":75}},"loc":{"start":{"line":114,"column":81},"end":{"line":114,"column":null}},"line":114},"9":{"name":"(anonymous_9)","decl":{"start":{"line":119,"column":70},"end":{"line":119,"column":71}},"loc":{"start":{"line":119,"column":77},"end":{"line":119,"column":null}},"line":119}},"branchMap":{"0":{"loc":{"start":{"line":39,"column":8},"end":{"line":49,"column":null}},"type":"if","locations":[{"start":{"line":39,"column":8},"end":{"line":49,"column":null}},{"start":{"line":41,"column":15},"end":{"line":49,"column":null}}],"line":39},"1":{"loc":{"start":{"line":43,"column":16},"end":{"line":45,"column":null}},"type":"if","locations":[{"start":{"line":43,"column":16},"end":{"line":45,"column":null}},{"start":{},"end":{}}],"line":43},"2":{"loc":{"start":{"line":60,"column":12},"end":{"line":62,"column":null}},"type":"if","locations":[{"start":{"line":60,"column":12},"end":{"line":62,"column":null}},{"start":{},"end":{}}],"line":60},"3":{"loc":{"start":{"line":135,"column":7},"end":{"line":135,"column":null}},"type":"binary-expr","locations":[{"start":{"line":135,"column":7},"end":{"line":135,"column":22}},{"start":{"line":135,"column":22},"end":{"line":135,"column":null}}],"line":135}},"s":{"0":4,"1":33,"2":33,"3":33,"4":33,"5":33,"6":7,"7":7,"8":7,"9":1,"10":6,"11":72,"12":18,"13":6,"14":33,"15":7,"16":7,"17":7,"18":7,"19":7,"20":7,"21":33,"22":6,"23":33,"24":315,"25":6,"26":1,"27":0},"f":{"0":33,"1":7,"2":72,"3":7,"4":7,"5":6,"6":315,"7":6,"8":1,"9":0},"b":{"0":[1,6],"1":[18,54],"2":[7,0],"3":[33,7]},"meta":{"lastBranch":4,"lastFunction":10,"lastStatement":28,"seen":{"s:9:17:138:Infinity":0,"f:9:17:9:23":0,"s:13:56:13:Infinity":1,"s:16:50:16:Infinity":2,"s:20:38:20:Infinity":3,"s:22:52:22:Infinity":4,"s:29:25:50:Infinity":5,"f:29:25:29:26":1,"s:30:26:30:Infinity":6,"s:31:8:31:Infinity":7,"b:39:8:49:Infinity:41:15:49:Infinity":0,"s:39:8:49:Infinity":8,"s:40:12:40:Infinity":9,"s:42:35:46:Infinity":10,"f:42:51:42:52":2,"b:43:16:45:Infinity:undefined:undefined:undefined:undefined":1,"s:43:16:45:Infinity":11,"s:44:20:44:Infinity":12,"s:48:12:48:Infinity":13,"s:55:22:66:Infinity":14,"f:55:22:55:23":3,"s:56:8:56:Infinity":15,"s:57:8:57:Infinity":16,"s:59:24:63:Infinity":17,"f:59:38:59:39":4,"b:60:12:62:Infinity:undefined:undefined:undefined:undefined":2,"s:60:12:62:Infinity":18,"s:61:16:61:Infinity":19,"s:65:8:65:Infinity":20,"s:69:23:71:Infinity":21,"f:69:23:69:29":5,"s:70:8:70:Infinity":22,"s:75:2:136:Infinity":23,"f:106:37:106:38":6,"s:107:18:130:Infinity":24,"f:109:65:109:66":7,"s:109:72:109:Infinity":25,"f:114:74:114:75":8,"s:114:81:114:Infinity":26,"f:119:70:119:71":9,"s:119:77:119:Infinity":27,"b:135:7:135:22:135:22:135:Infinity":3}}}
,"C:\\Users\\cronc\\IdeaProjects\\reactcarlos\\src\\utils\\validaciones.js": {"path":"C:\\Users\\cronc\\IdeaProjects\\reactcarlos\\src\\utils\\validaciones.js","statementMap":{"0":{"start":{"line":3,"column":29},"end":{"line":16,"column":1}},"1":{"start":{"line":10,"column":18},"end":{"line":10,"column":52}},"2":{"start":{"line":13,"column":4},"end":{"line":13,"column":30}},"3":{"start":{"line":13,"column":17},"end":{"line":13,"column":30}},"4":{"start":{"line":15,"column":4},"end":{"line":15,"column":30}},"5":{"start":{"line":18,"column":29},"end":{"line":25,"column":1}},"6":{"start":{"line":21,"column":18},"end":{"line":21,"column":46}},"7":{"start":{"line":23,"column":4},"end":{"line":23,"column":30}},"8":{"start":{"line":23,"column":17},"end":{"line":23,"column":30}},"9":{"start":{"line":24,"column":4},"end":{"line":24,"column":30}},"10":{"start":{"line":27,"column":30},"end":{"line":34,"column":1}},"11":{"start":{"line":30,"column":4},"end":{"line":30,"column":31}},"12":{"start":{"line":30,"column":18},"end":{"line":30,"column":31}},"13":{"start":{"line":33,"column":4},"end":{"line":33,"column":37}}},"fnMap":{"0":{"name":"(anonymous_0)","decl":{"start":{"line":3,"column":29},"end":{"line":3,"column":30}},"loc":{"start":{"line":3,"column":41},"end":{"line":16,"column":1}},"line":3},"1":{"name":"(anonymous_1)","decl":{"start":{"line":18,"column":29},"end":{"line":18,"column":30}},"loc":{"start":{"line":18,"column":41},"end":{"line":25,"column":1}},"line":18},"2":{"name":"(anonymous_2)","decl":{"start":{"line":27,"column":30},"end":{"line":27,"column":31}},"loc":{"start":{"line":27,"column":43},"end":{"line":34,"column":1}},"line":27}},"branchMap":{"0":{"loc":{"start":{"line":13,"column":4},"end":{"line":13,"column":30}},"type":"if","locations":[{"start":{"line":13,"column":4},"end":{"line":13,"column":30}},{"start":{},"end":{}}],"line":13},"1":{"loc":{"start":{"line":23,"column":4},"end":{"line":23,"column":30}},"type":"if","locations":[{"start":{"line":23,"column":4},"end":{"line":23,"column":30}},{"start":{},"end":{}}],"line":23},"2":{"loc":{"start":{"line":30,"column":4},"end":{"line":30,"column":31}},"type":"if","locations":[{"start":{"line":30,"column":4},"end":{"line":30,"column":31}},{"start":{},"end":{}}],"line":30}},"s":{"0":4,"1":16,"2":16,"3":2,"4":14,"5":4,"6":15,"7":15,"8":3,"9":12,"10":4,"11":12,"12":6,"13":6},"f":{"0":16,"1":15,"2":12},"b":{"0":[2,14],"1":[3,12],"2":[6,6]},"meta":{"lastBranch":3,"lastFunction":3,"lastStatement":14,"seen":{"s:3:29:16:1":0,"f:3:29:3:30":0,"s:10:18:10:52":1,"b:13:4:13:30:undefined:undefined:undefined:undefined":0,"s:13:4:13:30":2,"s:13:17:13:30":3,"s:15:4:15:30":4,"s:18:29:25:1":5,"f:18:29:18:30":1,"s:21:18:21:46":6,"b:23:4:23:30:undefined:undefined:undefined:undefined":1,"s:23:4:23:30":7,"s:23:17:23:30":8,"s:24:4:24:30":9,"s:27:30:34:1":10,"f:27:30:27:31":2,"b:30:4:30:31:undefined:undefined:undefined:undefined":2,"s:30:4:30:31":11,"s:30:18:30:31":12,"s:33:4:33:37":13}}}
}
