{"C:\\Users\\cronc\\IdeaProjects\\reactcarlos\\src\\componentes\\layout\\Contacto.css": {"path":"C:\\Users\\cronc\\IdeaProjects\\reactcarlos\\src\\componentes\\layout\\Contacto.css","statementMap":{},"fnMap":{},"branchMap":{},"s":{},"f":{},"b":{},"meta":{"lastBranch":0,"lastFunction":0,"lastStatement":0,"seen":{}}}
,"C:\\Users\\cronc\\IdeaProjects\\reactcarlos\\src\\componentes\\layout\\Contacto.jsx": {"path":"C:\\Users\\cronc\\IdeaProjects\\reactcarlos\\src\\componentes\\layout\\Contacto.jsx","statementMap":{"0":{"start":{"line":5,"column":17},"end":{"line":132,"column":null}},"1":{"start":{"line":6,"column":25},"end":{"line":6,"column":null}},"2":{"start":{"line":7,"column":25},"end":{"line":7,"column":null}},"3":{"start":{"line":8,"column":27},"end":{"line":8,"column":null}},"4":{"start":{"line":9,"column":23},"end":{"line":9,"column":null}},"5":{"start":{"line":11,"column":15},"end":{"line":16,"column":null}},"6":{"start":{"line":18,"column":21},"end":{"line":28,"column":null}},"7":{"start":{"line":19,"column":2},"end":{"line":21,"column":null}},"8":{"start":{"line":20,"column":3},"end":{"line":20,"column":null}},"9":{"start":{"line":22,"column":2},"end":{"line":24,"column":null}},"10":{"start":{"line":23,"column":3},"end":{"line":23,"column":null}},"11":{"start":{"line":25,"column":2},"end":{"line":27,"column":null}},"12":{"start":{"line":26,"column":3},"end":{"line":26,"column":null}},"13":{"start":{"line":30,"column":22},"end":{"line":57,"column":null}},"14":{"start":{"line":31,"column":2},"end":{"line":31,"column":null}},"15":{"start":{"line":33,"column":23},"end":{"line":33,"column":null}},"16":{"start":{"line":34,"column":23},"end":{"line":34,"column":null}},"17":{"start":{"line":35,"column":24},"end":{"line":35,"column":null}},"18":{"start":{"line":37,"column":2},"end":{"line":40,"column":null}},"19":{"start":{"line":38,"column":3},"end":{"line":38,"column":null}},"20":{"start":{"line":39,"column":3},"end":{"line":39,"column":null}},"21":{"start":{"line":42,"column":2},"end":{"line":45,"column":null}},"22":{"start":{"line":43,"column":3},"end":{"line":43,"column":null}},"23":{"start":{"line":44,"column":3},"end":{"line":44,"column":null}},"24":{"start":{"line":47,"column":2},"end":{"line":50,"column":null}},"25":{"start":{"line":48,"column":3},"end":{"line":48,"column":null}},"26":{"start":{"line":49,"column":3},"end":{"line":49,"column":null}},"27":{"start":{"line":52,"column":2},"end":{"line":56,"column":null}},"28":{"start":{"line":53,"column":3},"end":{"line":53,"column":null}},"29":{"start":{"line":55,"column":3},"end":{"line":55,"column":null}},"30":{"start":{"line":59,"column":1},"end":{"line":130,"column":null}},"31":{"start":{"line":80,"column":24},"end":{"line":80,"column":null}},"32":{"start":{"line":91,"column":24},"end":{"line":91,"column":null}},"33":{"start":{"line":102,"column":24},"end":{"line":102,"column":null}}},"fnMap":{"0":{"name":"(anonymous_0)","decl":{"start":{"line":5,"column":17},"end":{"line":5,"column":23}},"loc":{"start":{"line":5,"column":23},"end":{"line":132,"column":null}},"line":5},"1":{"name":"(anonymous_1)","decl":{"start":{"line":18,"column":21},"end":{"line":18,"column":22}},"loc":{"start":{"line":18,"column":35},"end":{"line":28,"column":null}},"line":18},"2":{"name":"(anonymous_2)","decl":{"start":{"line":30,"column":22},"end":{"line":30,"column":23}},"loc":{"start":{"line":30,"column":29},"end":{"line":57,"column":null}},"line":30},"3":{"name":"(anonymous_3)","decl":{"start":{"line":80,"column":17},"end":{"line":80,"column":18}},"loc":{"start":{"line":80,"column":24},"end":{"line":80,"column":null}},"line":80},"4":{"name":"(anonymous_4)","decl":{"start":{"line":91,"column":17},"end":{"line":91,"column":18}},"loc":{"start":{"line":91,"column":24},"end":{"line":91,"column":null}},"line":91},"5":{"name":"(anonymous_5)","decl":{"start":{"line":102,"column":17},"end":{"line":102,"column":18}},"loc":{"start":{"line":102,"column":24},"end":{"line":102,"column":null}},"line":102}},"branchMap":{"0":{"loc":{"start":{"line":19,"column":2},"end":{"line":21,"column":null}},"type":"if","locations":[{"start":{"line":19,"column":2},"end":{"line":21,"column":null}},{"start":{},"end":{}}],"line":19},"1":{"loc":{"start":{"line":22,"column":2},"end":{"line":24,"column":null}},"type":"if","locations":[{"start":{"line":22,"column":2},"end":{"line":24,"column":null}},{"start":{},"end":{}}],"line":22},"2":{"loc":{"start":{"line":25,"column":2},"end":{"line":27,"column":null}},"type":"if","locations":[{"start":{"line":25,"column":2},"end":{"line":27,"column":null}},{"start":{},"end":{}}],"line":25},"3":{"loc":{"start":{"line":37,"column":2},"end":{"line":40,"column":null}},"type":"if","locations":[{"start":{"line":37,"column":2},"end":{"line":40,"column":null}},{"start":{},"end":{}}],"line":37},"4":{"loc":{"start":{"line":42,"column":2},"end":{"line":45,"column":null}},"type":"if","locations":[{"start":{"line":42,"column":2},"end":{"line":45,"column":null}},{"start":{},"end":{}}],"line":42},"5":{"loc":{"start":{"line":47,"column":2},"end":{"line":50,"column":null}},"type":"if","locations":[{"start":{"line":47,"column":2},"end":{"line":50,"column":null}},{"start":{},"end":{}}],"line":47},"6":{"loc":{"start":{"line":52,"column":2},"end":{"line":56,"column":null}},"type":"if","locations":[{"start":{"line":52,"column":2},"end":{"line":56,"column":null}},{"start":{},"end":{}}],"line":52},"7":{"loc":{"start":{"line":52,"column":6},"end":{"line":52,"column":53}},"type":"binary-expr","locations":[{"start":{"line":52,"column":6},"end":{"line":52,"column":22}},{"start":{"line":52,"column":22},"end":{"line":52,"column":38}},{"start":{"line":52,"column":38},"end":{"line":52,"column":53}}],"line":52},"8":{"loc":{"start":{"line":105,"column":6},"end":{"line":108,"column":null}},"type":"binary-expr","locations":[{"start":{"line":105,"column":6},"end":{"line":105,"column":null}},{"start":{"line":106,"column":6},"end":{"line":108,"column":null}}],"line":105}},"s":{"0":1,"1":55,"2":55,"3":55,"4":55,"5":55,"6":55,"7":54,"8":10,"9":54,"10":16,"11":54,"12":28,"13":55,"14":0,"15":0,"16":0,"17":0,"18":0,"19":0,"20":0,"21":0,"22":0,"23":0,"24":0,"25":0,"26":0,"27":0,"28":0,"29":0,"30":55,"31":10,"32":16,"33":28},"f":{"0":55,"1":54,"2":0,"3":10,"4":16,"5":28},"b":{"0":[10,44],"1":[16,38],"2":[28,26],"3":[0,0],"4":[0,0],"5":[0,0],"6":[0,0],"7":[0,0,0],"8":[55,0]},"meta":{"lastBranch":9,"lastFunction":6,"lastStatement":34,"seen":{"s:5:17:132:Infinity":0,"f:5:17:5:23":0,"s:6:25:6:Infinity":1,"s:7:25:7:Infinity":2,"s:8:27:8:Infinity":3,"s:9:23:9:Infinity":4,"s:11:15:16:Infinity":5,"s:18:21:28:Infinity":6,"f:18:21:18:22":1,"b:19:2:21:Infinity:undefined:undefined:undefined:undefined":0,"s:19:2:21:Infinity":7,"s:20:3:20:Infinity":8,"b:22:2:24:Infinity:undefined:undefined:undefined:undefined":1,"s:22:2:24:Infinity":9,"s:23:3:23:Infinity":10,"b:25:2:27:Infinity:undefined:undefined:undefined:undefined":2,"s:25:2:27:Infinity":11,"s:26:3:26:Infinity":12,"s:30:22:57:Infinity":13,"f:30:22:30:23":2,"s:31:2:31:Infinity":14,"s:33:23:33:Infinity":15,"s:34:23:34:Infinity":16,"s:35:24:35:Infinity":17,"b:37:2:40:Infinity:undefined:undefined:undefined:undefined":3,"s:37:2:40:Infinity":18,"s:38:3:38:Infinity":19,"s:39:3:39:Infinity":20,"b:42:2:45:Infinity:undefined:undefined:undefined:undefined":4,"s:42:2:45:Infinity":21,"s:43:3:43:Infinity":22,"s:44:3:44:Infinity":23,"b:47:2:50:Infinity:undefined:undefined:undefined:undefined":5,"s:47:2:50:Infinity":24,"s:48:3:48:Infinity":25,"s:49:3:49:Infinity":26,"b:52:2:56:Infinity:undefined:undefined:undefined:undefined":6,"s:52:2:56:Infinity":27,"b:52:6:52:22:52:22:52:38:52:38:52:53":7,"s:53:3:53:Infinity":28,"s:55:3:55:Infinity":29,"s:59:1:130:Infinity":30,"f:80:17:80:18":3,"s:80:24:80:Infinity":31,"f:91:17:91:18":4,"s:91:24:91:Infinity":32,"f:102:17:102:18":5,"s:102:24:102:Infinity":33,"b:105:6:105:Infinity:106:6:108:Infinity":8}}}
}
