TN:
SF:src\componentes\layout\Contacto.css
FNF:0
FNH:0
LF:0
LH:0
BRF:0
BRH:0
end_of_record
TN:
SF:src\componentes\layout\Contacto.jsx
FN:5,(anonymous_0)
FN:18,(anonymous_1)
FN:30,(anonymous_2)
FN:80,(anonymous_3)
FN:91,(anonymous_4)
FN:102,(anonymous_5)
FNF:6
FNH:5
FNDA:55,(anonymous_0)
FNDA:54,(anonymous_1)
FNDA:0,(anonymous_2)
FNDA:10,(anonymous_3)
FNDA:16,(anonymous_4)
FNDA:28,(anonymous_5)
DA:5,1
DA:6,55
DA:7,55
DA:8,55
DA:9,55
DA:11,55
DA:18,55
DA:19,54
DA:20,10
DA:22,54
DA:23,16
DA:25,54
DA:26,28
DA:30,55
DA:31,0
DA:33,0
DA:34,0
DA:35,0
DA:37,0
DA:38,0
DA:39,0
DA:42,0
DA:43,0
DA:44,0
DA:47,0
DA:48,0
DA:49,0
DA:52,0
DA:53,0
DA:55,0
DA:59,55
DA:80,10
DA:91,16
DA:102,28
LF:34
LH:18
BRDA:19,0,0,10
BRDA:19,0,1,44
BRDA:22,1,0,16
BRDA:22,1,1,38
BRDA:25,2,0,28
BRDA:25,2,1,26
BRDA:37,3,0,0
BRDA:37,3,1,0
BRDA:42,4,0,0
BRDA:42,4,1,0
BRDA:47,5,0,0
BRDA:47,5,1,0
BRDA:52,6,0,0
BRDA:52,6,1,0
BRDA:52,7,0,0
BRDA:52,7,1,0
BRDA:52,7,2,0
BRDA:105,8,0,55
BRDA:105,8,1,0
BRF:19
BRH:7
end_of_record
